<?xml version="1.0" encoding="UTF-8"?>
<!-- Generated by org.testng.reporters.JUnitReportReporter -->
<testsuite skipped="0" hostname="DESKTOP-P81C98J" name="AutoIt.Autoitex2" tests="1" failures="0" timestamp="2022-05-29T15:39:54 IST" time="15.221" errors="0">
  <testcase name="testcase" time="15.221" classname="AutoIt.Autoitex2"/>
  <system-out/>
</testsuite> <!-- AutoIt.Autoitex2 -->
