<?xml version="1.0" encoding="UTF-8"?>
<!-- Generated by org.testng.reporters.JUnitReportReporter -->
<testsuite skipped="0" hostname="DESKTOP-P81C98J" name="Revision.Test1" tests="1" failures="0" timestamp="2022-07-04T23:49:31 IST" time="43.572" errors="0">
  <testcase name="checkfunctionality" time="43.572" classname="Revision.Test1"/>
  <system-out/>
</testsuite> <!-- Revision.Test1 -->
