<?xml version="1.0" encoding="UTF-8"?>
<!-- Generated by org.testng.reporters.JUnitReportReporter -->
<testsuite skipped="0" hostname="DESKTOP-P81C98J" name="Parameterization.Example3" tests="3" failures="0" timestamp="2022-04-28T19:55:39 IST" time="0.028" errors="0">
  <testcase name="signin" time="0.019" classname="Parameterization.Example3"/>
  <system-out/>
  <testcase name="checknotification" time="0.006" classname="Parameterization.Example3"/>
  <system-out/>
  <testcase name="login" time="0.003" classname="Parameterization.Example3"/>
  <system-out/>
</testsuite> <!-- Parameterization.Example3 -->
