<?xml version="1.0" encoding="UTF-8"?>
<!-- Generated by org.testng.reporters.JUnitReportReporter -->
<testsuite skipped="0" hostname="DESKTOP-P81C98J" name="Parameterization.Example1" tests="3" failures="0" timestamp="2022-04-28T19:40:05 IST" time="0.032" errors="0">
  <testcase name="login" time="0.021" classname="Parameterization.Example1"/>
  <system-out/>
  <testcase name="sendmail" time="0.006" classname="Parameterization.Example1"/>
  <system-out/>
  <testcase name="logout" time="0.005" classname="Parameterization.Example1"/>
  <system-out/>
</testsuite> <!-- Parameterization.Example1 -->
