<?xml version="1.0" encoding="UTF-8"?>
<!-- Generated by org.testng.reporters.JUnitReportReporter -->
<testsuite skipped="0" hostname="DESKTOP-P81C98J" name="Annotation.Example" tests="1" failures="0" timestamp="2022-09-21T12:46:09 IST" time="0.020" errors="0">
  <testcase name="loginlogouttest" time="0.020" classname="Annotation.Example"/>
  <system-out/>
</testsuite> <!-- Annotation.Example -->
