<?xml version="1.0" encoding="UTF-8"?>
<!-- Generated by org.testng.reporters.JUnitReportReporter -->
<testsuite skipped="0" hostname="DESKTOP-P81C98J" name="TestingBasicEamples.Example6" tests="2" failures="0" timestamp="2022-05-02T14:33:27 IST" time="88.312" errors="0">
  <testcase name="loginPageValidationInActitimeApplication" time="39.625" classname="TestingBasicEamples.Example6"/>
  <system-out/>
  <testcase name="loginLogoutInActitimeApplication" time="48.687" classname="TestingBasicEamples.Example6"/>
  <system-out/>
</testsuite> <!-- TestingBasicEamples.Example6 -->
