<?xml version="1.0" encoding="UTF-8"?>
<!-- Generated by org.testng.reporters.JUnitReportReporter -->
<testsuite skipped="1" hostname="DESKTOP-P81C98J" name="Parameterization.Example2" tests="3" failures="0" timestamp="2022-04-28T19:45:28 IST" time="0.027" errors="0">
  <testcase name="login" time="0.017" classname="Parameterization.Example2"/>
  <system-out/>
  <testcase name="sendmail" time="0.010" classname="Parameterization.Example2"/>
  <system-out/>
  <testcase name="logout" classname="Parameterization.Example2">
    <skipped/>
  </testcase> <!-- logout -->
  <system-out/>
</testsuite> <!-- Parameterization.Example2 -->
