<?xml version="1.0" encoding="UTF-8"?>
<!-- Generated by org.testng.reporters.JUnitReportReporter -->
<testsuite skipped="0" hostname="DESKTOP-P81C98J" name="TestingBasicEamples.Example8" tests="1" failures="0" timestamp="2022-05-03T13:11:56 IST" time="20.445" errors="0">
  <testcase name="windowhandling" time="20.445" classname="TestingBasicEamples.Example8"/>
  <system-out/>
</testsuite> <!-- TestingBasicEamples.Example8 -->
