<?xml version="1.0" encoding="UTF-8"?>
<!-- Generated by org.testng.reporters.JUnitReportReporter -->
<testsuite skipped="0" hostname="DESKTOP-P81C98J" name="Parameterization.Example6" tests="1" failures="0" timestamp="2022-04-28T23:28:56 IST" time="0.030" errors="0">
  <testcase name="actitimelogin" time="0.030" classname="Parameterization.Example6"/>
  <system-out/>
</testsuite> <!-- Parameterization.Example6 -->
