<?xml version="1.0" encoding="UTF-8"?>
<!-- Generated by org.testng.reporters.JUnitReportReporter -->
<testsuite skipped="0" hostname="DESKTOP-P81C98J" name="Annotation.Example2" tests="2" failures="0" timestamp="2022-06-01T12:07:38 IST" time="15.322" errors="0">
  <testcase name="verifylogin" time="8.888" classname="Annotation.Example2"/>
  <system-out/>
  <testcase name="createtask" time="6.434" classname="Annotation.Example2"/>
  <system-out/>
</testsuite> <!-- Annotation.Example2 -->
