<?xml version="1.0" encoding="UTF-8"?>
<!-- Generated by org.testng.reporters.JUnitReportReporter -->
<testsuite skipped="0" hostname="DESKTOP-P81C98J" name="Parameterization.Example" tests="5" failures="0" timestamp="2022-05-17T12:08:35 IST" time="0.060" errors="0">
  <testcase name="param1" time="0.012" classname="Parameterization.Example"/>
  <system-out/>
  <testcase name="param1" time="0.024" classname="Parameterization.Example"/>
  <system-out/>
  <testcase name="param1" time="0.009" classname="Parameterization.Example"/>
  <system-out/>
  <testcase name="param1" time="0.006" classname="Parameterization.Example"/>
  <system-out/>
  <testcase name="param1" time="0.009" classname="Parameterization.Example"/>
  <system-out/>
</testsuite> <!-- Parameterization.Example -->
