<?xml version="1.0" encoding="UTF-8"?>
<!-- Generated by org.testng.reporters.JUnitReportReporter -->
<testsuite skipped="0" hostname="DESKTOP-P81C98J" name="TestingBasicEamples.Example7" tests="1" failures="0" timestamp="2022-05-02T15:01:09 IST" time="23.395" errors="0">
  <testcase name="loginPageValidationInActitimeApplication" time="23.395" classname="TestingBasicEamples.Example7"/>
  <system-out/>
</testsuite> <!-- TestingBasicEamples.Example7 -->
