<?xml version="1.0" encoding="UTF-8"?>
<!-- Generated by org.testng.reporters.JUnitReportReporter -->
<testsuite skipped="0" hostname="DESKTOP-P81C98J" name="Parameterization.Example5" tests="3" failures="0" timestamp="2022-04-28T23:31:22 IST" time="2.553" errors="0">
  <testcase name="signin" time="0.022" classname="Parameterization.Example5"/>
  <system-out/>
  <testcase name="login" time="0.000" classname="Parameterization.Example5"/>
  <system-out/>
  <testcase name="checknotification" time="2.531" classname="Parameterization.Example5"/>
  <system-out/>
</testsuite> <!-- Parameterization.Example5 -->
