<?xml version="1.0" encoding="UTF-8"?>
<!-- Generated by org.testng.reporters.JUnitReportReporter -->
<testsuite hostname="DESKTOP-P81C98J" name="runner.Vtiger1runner" tests="1" failures="0" timestamp="29 May 2022 20:25:07 GMT" time="39.455" errors="0">
  <testcase name="runScenario" time="39.455" classname="runner.Vtiger1runner"/>
</testsuite> <!-- runner.Vtiger1runner -->
