<?xml version="1.0" encoding="UTF-8"?>
<!-- Generated by org.testng.reporters.JUnitReportReporter -->
<testsuite hostname="DESKTOP-P81C98J" name="runner.Mygstestrunner" tests="5" failures="0" timestamp="22 May 2022 09:51:53 GMT" time="81.945" errors="0">
  <testcase name="runScenario" time="13.538" classname="runner.Mygstestrunner"/>
  <testcase name="runScenario" time="19.731" classname="runner.Mygstestrunner"/>
  <testcase name="runScenario" time="14.466" classname="runner.Mygstestrunner"/>
  <testcase name="runScenario" time="19.219" classname="runner.Mygstestrunner"/>
  <testcase name="runScenario" time="14.991" classname="runner.Mygstestrunner"/>
</testsuite> <!-- runner.Mygstestrunner -->
