<?xml version="1.0" encoding="UTF-8"?>
<!-- Generated by org.testng.reporters.JUnitReportReporter -->
<testsuite hostname="DESKTOP-P81C98J" name="runner.Testrunner" tests="4" failures="0" timestamp="22 May 2022 10:20:36 GMT" time="113.489" errors="0">
  <testcase name="runScenario" time="32.536" classname="runner.Testrunner"/>
  <testcase name="runScenario" time="31.674" classname="runner.Testrunner"/>
  <testcase name="runScenario" time="26.760" classname="runner.Testrunner"/>
  <testcase name="runScenario" time="22.519" classname="runner.Testrunner"/>
</testsuite> <!-- runner.Testrunner -->
