<?xml version="1.0" encoding="UTF-8"?>
<!-- Generated by org.testng.reporters.JUnitReportReporter -->
<testsuite hostname="DESKTOP-P81C98J" name="WebPgeScripts.VtigerloginScript1" tests="3" failures="0" timestamp="27 May 2022 05:48:12 GMT" time="39.406" errors="0">
  <testcase name="loginfunctionality" time="17.114" classname="WebPgeScripts.VtigerloginScript1"/>
  <testcase name="generateleads" time="18.412" classname="WebPgeScripts.VtigerloginScript1"/>
  <testcase name="homepagefuctionality" time="3.880" classname="WebPgeScripts.VtigerloginScript1"/>
</testsuite> <!-- WebPgeScripts.VtigerloginScript1 -->
