<?xml version="1.0" encoding="UTF-8"?>
<!-- Generated by org.testng.reporters.JUnitReportReporter -->
<testsuite hostname="DESKTOP-P81C98J" name="WebPgeScripts.ActitimeSccript" tests="2" failures="0" timestamp="17 Jun 2022 17:46:14 GMT" time="14.548" errors="0">
  <testcase name="validate" time="8.020" classname="WebPgeScripts.ActitimeSccript"/>
  <testcase name="loginfunctionality" time="6.528" classname="WebPgeScripts.ActitimeSccript"/>
</testsuite> <!-- WebPgeScripts.ActitimeSccript -->
