<?xml version="1.0" encoding="UTF-8"?>
<!-- Generated by org.testng.reporters.JUnitReportReporter -->
<testsuite hostname="DESKTOP-P81C98J" name="WebPgeScripts.KiteScript" tests="1" failures="0" timestamp="8 Jun 2022 07:48:02 GMT" time="5.090" errors="0">
  <testcase name="loginfunctionality" time="5.090" classname="WebPgeScripts.KiteScript"/>
</testsuite> <!-- WebPgeScripts.KiteScript -->
